[debug] [2023-09-09T12:44:00.559Z] ----------------------------------------------------------------------
[debug] [2023-09-09T12:44:00.561Z] Command:       /home/blake/.nvm/versions/node/v16.20.0/bin/node /home/blake/.nvm/versions/node/v16.20.0/bin/firebase deploy
[debug] [2023-09-09T12:44:00.561Z] CLI Version:   12.5.2
[debug] [2023-09-09T12:44:00.562Z] Platform:      linux
[debug] [2023-09-09T12:44:00.562Z] Node Version:  v16.20.0
[debug] [2023-09-09T12:44:00.562Z] Time:          Sat Sep 09 2023 13:44:00 GMT+0100 (British Summer Time)
[debug] [2023-09-09T12:44:00.562Z] ----------------------------------------------------------------------
[debug] 
[debug] [2023-09-09T12:44:00.631Z] > command requires scopes: ["email","openid","https://www.googleapis.com/auth/cloudplatformprojects.readonly","https://www.googleapis.com/auth/firebase","https://www.googleapis.com/auth/cloud-platform"]
[debug] [2023-09-09T12:44:00.632Z] > authorizing via signed-in user (blake.m.preston@gmail.com)
[debug] [2023-09-09T12:44:00.632Z] [iam] checking project blake-prestonized for permissions ["firebase.projects.get","firebasehosting.sites.update"]
[debug] [2023-09-09T12:44:00.633Z] > refreshing access token with scopes: []
[debug] [2023-09-09T12:44:00.635Z] >>> [apiv2][query] POST https://www.googleapis.com/oauth2/v3/token [none]
[debug] [2023-09-09T12:44:00.635Z] >>> [apiv2][body] POST https://www.googleapis.com/oauth2/v3/token [omitted]
[debug] [2023-09-09T12:44:00.727Z] <<< [apiv2][status] POST https://www.googleapis.com/oauth2/v3/token 200
[debug] [2023-09-09T12:44:00.728Z] <<< [apiv2][body] POST https://www.googleapis.com/oauth2/v3/token [omitted]
[debug] [2023-09-09T12:44:00.756Z] >>> [apiv2][query] POST https://cloudresourcemanager.googleapis.com/v1/projects/blake-prestonized:testIamPermissions [none]
[debug] [2023-09-09T12:44:00.756Z] >>> [apiv2][(partial)header] POST https://cloudresourcemanager.googleapis.com/v1/projects/blake-prestonized:testIamPermissions x-goog-quota-user=projects/blake-prestonized
[debug] [2023-09-09T12:44:00.757Z] >>> [apiv2][body] POST https://cloudresourcemanager.googleapis.com/v1/projects/blake-prestonized:testIamPermissions {"permissions":["firebase.projects.get","firebasehosting.sites.update"]}
[debug] [2023-09-09T12:44:00.963Z] <<< [apiv2][status] POST https://cloudresourcemanager.googleapis.com/v1/projects/blake-prestonized:testIamPermissions 200
[debug] [2023-09-09T12:44:00.963Z] <<< [apiv2][body] POST https://cloudresourcemanager.googleapis.com/v1/projects/blake-prestonized:testIamPermissions {"permissions":["firebase.projects.get","firebasehosting.sites.update"]}
[debug] [2023-09-09T12:44:00.964Z] >>> [apiv2][query] GET https://firebase.googleapis.com/v1beta1/projects/blake-prestonized [none]
[debug] [2023-09-09T12:44:01.324Z] <<< [apiv2][status] GET https://firebase.googleapis.com/v1beta1/projects/blake-prestonized 200
[debug] [2023-09-09T12:44:01.325Z] <<< [apiv2][body] GET https://firebase.googleapis.com/v1beta1/projects/blake-prestonized {"projectId":"blake-prestonized","projectNumber":"483376652902","displayName":"Prestonized","name":"projects/blake-prestonized","resources":{"hostingSite":"blake-prestonized"},"state":"ACTIVE","etag":"1_2ff16763-dc00-49b5-89d6-1a15048a05f5"}
[debug] [2023-09-09T12:44:03.561Z] >>> [apiv2][query] GET https://firebasehosting.googleapis.com/v1beta1/projects/blake-prestonized/sites pageToken=&pageSize=10
[debug] [2023-09-09T12:44:04.446Z] <<< [apiv2][status] GET https://firebasehosting.googleapis.com/v1beta1/projects/blake-prestonized/sites 200
[debug] [2023-09-09T12:44:04.446Z] <<< [apiv2][body] GET https://firebasehosting.googleapis.com/v1beta1/projects/blake-prestonized/sites {"sites":[{"name":"projects/blake-prestonized/sites/blake-prestonized","defaultUrl":"https://blake-prestonized.web.app","appId":"1:483376652902:web:d4ddaeb4f23513a6d043a7","type":"DEFAULT_SITE"},{"name":"projects/blake-prestonized/sites/cover-letter","defaultUrl":"https://cover-letter.web.app","appId":"1:483376652902:web:976addc43103c73dd043a7","type":"USER_SITE"}]}
[debug] [2023-09-09T12:44:04.447Z] >>> [apiv2][query] GET https://firebase.googleapis.com/v1beta1/projects/-/webApps/1:483376652902:web:976addc43103c73dd043a7/config [none]
[debug] [2023-09-09T12:44:05.292Z] <<< [apiv2][status] GET https://firebase.googleapis.com/v1beta1/projects/-/webApps/1:483376652902:web:976addc43103c73dd043a7/config 200
[debug] [2023-09-09T12:44:05.293Z] <<< [apiv2][body] GET https://firebase.googleapis.com/v1beta1/projects/-/webApps/1:483376652902:web:976addc43103c73dd043a7/config {"projectId":"blake-prestonized","appId":"1:483376652902:web:976addc43103c73dd043a7","storageBucket":"blake-prestonized.appspot.com","apiKey":"AIzaSyAgRqeJ2IHo6WyxPTqM-j8PsYf9mCTT1t8","authDomain":"blake-prestonized.firebaseapp.com","messagingSenderId":"483376652902","measurementId":"G-DZBJF5M388"}
[info] 
   Thank you for trying our early preview of Next.js support on Firebase Hosting.
   During the preview, support is best-effort and breaking changes can be expected. Proceed with caution.

   Documentation: https://firebase.google.com/docs/hosting/frameworks/nextjs
   File a bug: https://github.com/firebase/firebase-tools/issues/new?template=bug_report.md
   Submit a feature request: https://github.com/firebase/firebase-tools/issues/new?template=feature_request.md

   We'd love to learn from you. Express your interest in helping us shape the future of Firebase Hosting: https://goo.gle/41enW5X

[info] - info Creating an optimized production build...

[info] (node:217849) [DEP_WEBPACK_MODULE_UPDATE_HASH] DeprecationWarning: Module.updateHash: Use new ChunkGraph API
(Use `node --trace-deprecation ...` to show where the warning was created)

[info] - info Compiled successfully

[info] - info Linting and checking validity of types...

[info] - info Collecting page data...

[info] - info Generating static pages (0/6)

[info] - info Generating static pages (1/6)

[info] - info Generating static pages (2/6)

[info] - info Generating static pages (4/6)

[info] - info Generating static pages (6/6)

[info] - info Finalizing page optimization...

[info] 

[info] Route (app)                                Size     First Load JS
┌ ○ /                                      2.76 kB         117 kB
├ ○ /condihospitality                      2.76 kB         117 kB
├ ○ /dev                                   1.2 kB          110 kB
└ ○ /favicon.ico                           0 B                0 B
+ First Load JS shared by all              78.5 kB
  ├ chunks/596-786232a90846f73d.js         26.1 kB
  ├ chunks/fd9d1056-6d0f08855a67a674.js    50.5 kB
  ├ chunks/main-app-fbee7689f084270f.js    219 B
  └ chunks/webpack-aacabcc76bcc3633.js     1.76 kB

Route (pages)                              Size     First Load JS
─ ○ /404                                   182 B          76.6 kB
+ First Load JS shared by all              76.4 kB
  ├ chunks/framework-8883d1e9be70c3da.js   45.1 kB
  ├ chunks/main-f01a72447928fd24.js        29.4 kB
  ├ chunks/pages/_app-52924524f99094ab.js  195 B
  └ chunks/webpack-aacabcc76bcc3633.js     1.76 kB

[info] 
○  (Static)  automatically rendered as static HTML (uses no initial props)


[info] Building a Cloud Function to run this application. This is needed due to:
[info]  • Image Optimization
[info] 
[debug] [2023-09-09T12:58:40.550Z] ----------------------------------------------------------------------
[debug] [2023-09-09T12:58:40.552Z] Command:       /home/blake/.nvm/versions/node/v16.20.0/bin/node /home/blake/.nvm/versions/node/v16.20.0/bin/firebase deploy
[debug] [2023-09-09T12:58:40.553Z] CLI Version:   12.5.2
[debug] [2023-09-09T12:58:40.553Z] Platform:      linux
[debug] [2023-09-09T12:58:40.553Z] Node Version:  v16.20.0
[debug] [2023-09-09T12:58:40.554Z] Time:          Sat Sep 09 2023 13:58:40 GMT+0100 (British Summer Time)
[debug] [2023-09-09T12:58:40.554Z] ----------------------------------------------------------------------
[debug] 
[debug] [2023-09-09T12:58:40.636Z] > command requires scopes: ["email","openid","https://www.googleapis.com/auth/cloudplatformprojects.readonly","https://www.googleapis.com/auth/firebase","https://www.googleapis.com/auth/cloud-platform"]
[debug] [2023-09-09T12:58:40.637Z] > authorizing via signed-in user (blake.m.preston@gmail.com)
[debug] [2023-09-09T12:58:40.637Z] [iam] checking project blake-prestonized for permissions ["firebase.projects.get","firebasehosting.sites.update"]
[debug] [2023-09-09T12:58:40.639Z] >>> [apiv2][query] POST https://cloudresourcemanager.googleapis.com/v1/projects/blake-prestonized:testIamPermissions [none]
[debug] [2023-09-09T12:58:40.639Z] >>> [apiv2][(partial)header] POST https://cloudresourcemanager.googleapis.com/v1/projects/blake-prestonized:testIamPermissions x-goog-quota-user=projects/blake-prestonized
[debug] [2023-09-09T12:58:40.640Z] >>> [apiv2][body] POST https://cloudresourcemanager.googleapis.com/v1/projects/blake-prestonized:testIamPermissions {"permissions":["firebase.projects.get","firebasehosting.sites.update"]}
[debug] [2023-09-09T12:58:41.434Z] <<< [apiv2][status] POST https://cloudresourcemanager.googleapis.com/v1/projects/blake-prestonized:testIamPermissions 200
[debug] [2023-09-09T12:58:41.434Z] <<< [apiv2][body] POST https://cloudresourcemanager.googleapis.com/v1/projects/blake-prestonized:testIamPermissions {"permissions":["firebase.projects.get","firebasehosting.sites.update"]}
[debug] [2023-09-09T12:58:41.435Z] >>> [apiv2][query] GET https://firebase.googleapis.com/v1beta1/projects/blake-prestonized [none]
[debug] [2023-09-09T12:58:41.753Z] <<< [apiv2][status] GET https://firebase.googleapis.com/v1beta1/projects/blake-prestonized 200
[debug] [2023-09-09T12:58:41.753Z] <<< [apiv2][body] GET https://firebase.googleapis.com/v1beta1/projects/blake-prestonized {"projectId":"blake-prestonized","projectNumber":"483376652902","displayName":"Prestonized","name":"projects/blake-prestonized","resources":{"hostingSite":"blake-prestonized"},"state":"ACTIVE","etag":"1_2ff16763-dc00-49b5-89d6-1a15048a05f5"}
[debug] [2023-09-09T12:58:44.333Z] >>> [apiv2][query] GET https://firebasehosting.googleapis.com/v1beta1/projects/blake-prestonized/sites pageToken=&pageSize=10
